\BOOKMARK [1][-]{section.1}{Introduction}{}% 1
\BOOKMARK [2][-]{subsection.1.1}{Background}{section.1}% 2
\BOOKMARK [2][-]{subsection.1.2}{Related work}{section.1}% 3
\BOOKMARK [2][-]{subsection.1.3}{Problem formulation}{section.1}% 4
\BOOKMARK [2][-]{subsection.1.4}{Motivation}{section.1}% 5
\BOOKMARK [2][-]{subsection.1.5}{Objectives}{section.1}% 6
\BOOKMARK [2][-]{subsection.1.6}{Scope/Limitation}{section.1}% 7
\BOOKMARK [2][-]{subsection.1.7}{Target group}{section.1}% 8
\BOOKMARK [2][-]{subsection.1.8}{Outline}{section.1}% 9
\BOOKMARK [1][-]{section.2}{Method}{}% 10
\BOOKMARK [2][-]{subsection.2.1}{Reliability and Validity}{section.2}% 11
\BOOKMARK [2][-]{subsection.2.2}{Ethical considerations}{section.2}% 12
\BOOKMARK [1][-]{section.3}{Implementation}{}% 13
\BOOKMARK [1][-]{section.4}{Results}{}% 14
\BOOKMARK [1][-]{section.5}{Analysis}{}% 15
\BOOKMARK [1][-]{section.6}{Discussion}{}% 16
\BOOKMARK [1][-]{section.7}{Conclusion}{}% 17
\BOOKMARK [2][-]{subsection.7.1}{Future work}{section.7}% 18
\BOOKMARK [1][-]{section*.2}{References}{}% 19
\BOOKMARK [1][-]{appendix.A}{Appendix 1}{}% 20
